
2014-04-25 13:58:25
[WARN]-[Thread: qtp23930626-20]-[com.jfinal.core.ActionHandler.handle()]: 404 Action Not Found: /jfinal_dem/hello

2014-04-25 13:58:46
[WARN]-[Thread: qtp23930626-24]-[com.jfinal.core.ActionHandler.handle()]: 404 Action Not Found: /jfinal_dem/hello/test

2014-04-25 13:58:50
[WARN]-[Thread: qtp23930626-21]-[com.jfinal.core.ActionHandler.handle()]: 404 Action Not Found: /jfinal_dem/hello/test

2014-04-25 13:59:37
[WARN]-[Thread: qtp23930626-20]-[com.jfinal.core.ActionHandler.handle()]: 404 Action Not Found: /jfinal_dem/aaa/test

2014-04-25 13:59:45
[WARN]-[Thread: qtp23930626-24]-[com.jfinal.core.ActionHandler.handle()]: 404 Action Not Found: /jfinal_dem/aaa/test

2014-04-25 13:59:50
[WARN]-[Thread: qtp23930626-18]-[com.jfinal.core.ActionHandler.handle()]: 404 Action Not Found: /jfinal_dem/

2014-04-25 14:01:25
[WARN]-[Thread: qtp32124414-17]-[com.jfinal.core.ActionHandler.handle()]: 404 Action Not Found: /jfinal_dem/hello

2014-04-25 14:01:33
[WARN]-[Thread: qtp32124414-21]-[com.jfinal.core.ActionHandler.handle()]: 404 Action Not Found: /jfinal_dem/hello/test

2014-04-25 14:02:25
[WARN]-[Thread: qtp32124414-18]-[com.jfinal.core.ActionHandler.handle()]: 404 Action Not Found: /jfinal_dem/hello/hello

2014-04-25 14:02:34
[WARN]-[Thread: qtp32124414-20]-[com.jfinal.core.ActionHandler.handle()]: 404 Action Not Found: /jfinal_dem/hello/hello

2014-04-25 14:02:39
[WARN]-[Thread: qtp32124414-17]-[com.jfinal.core.ActionHandler.handle()]: 404 Action Not Found: /jfinal_dem/hello

2014-04-25 14:03:19
[WARN]-[Thread: qtp6659511-21]-[com.jfinal.core.ActionHandler.handle()]: 404 Action Not Found: /jfinal_dem/hello

2014-04-25 14:03:22
[WARN]-[Thread: qtp6659511-21]-[com.jfinal.core.ActionHandler.handle()]: 404 Action Not Found: /jfinal_dem/hello

2014-04-25 14:03:34
[WARN]-[Thread: qtp6659511-21]-[com.jfinal.core.ActionHandler.handle()]: 404 Action Not Found: //hello

2014-04-25 14:08:45
[WARN]-[Thread: qtp6659511-25]-[com.jfinal.core.ActionHandler.handle()]: 404 Action Not Found: /a/hello
